OMDb fetch failed, using mock data: AxiosError [AggregateError]
    at AxiosError.from (C:\Users\Kislay Kumar\Downloads\brewAssignment\brewAssignment\backend\node_modules\axios\dist\node\axios.cjs:962:24)
    at RedirectableRequest.handleRequestError (C:\Users\Kislay Kumar\Downloads\brewAssignment\brewAssignment\backend\node_modules\axios\dist\node\axios.cjs:3794:29)
    at RedirectableRequest.emit (node:events:530:35)
    at eventHandlers.<computed> (C:\Users\Kislay Kumar\Downloads\brewAssignment\brewAssignment\backend\node_modules\follow-redirects\index.js:49:24)
    at ClientRequest.emit (node:events:518:28)
    at emitErrorEvent (node:_http_client:104:11)
    at TLSSocket.socketErrorListener (node:_http_client:518:5)
    at TLSSocket.emit (node:events:518:28)
    at emitErrorNT (node:internal/streams/destroy:170:8)
    at emitErrorCloseNT (node:internal/streams/destroy:129:3)
    at Axios.request (C:\Users\Kislay Kumar\Downloads\brewAssignment\brewAssignment\backend\node_modules\axios\dist\node\axios.cjs:5110:41)
    at process.processTicksAndRejections (node:internal/process/task_queues:105:5)
    at async C:\Users\Kislay Kumar\Downloads\brewAssignment\brewAssignment\backend\server.js:69:29 {
  isAxiosError: true,
  code: 'EACCES',
  config: {
    transitional: {
      silentJSONParsing: true,
      forcedJSONParsing: true,
      clarifyTimeoutError: false,
      legacyInterceptorReqResOrdering: true
    },
    adapter: [ 'xhr', 'http', 'fetch' ],
    transformRequest: [ [Function: transformRequest] ],
    transformResponse: [ [Function: transformResponse] ],
    timeout: 10000,
    xsrfCookieName: 'XSRF-TOKEN',
    xsrfHeaderName: 'X-XSRF-TOKEN',
    maxContentLength: -1,
    maxBodyLength: -1,
    env: { FormData: [Function], Blob: [class Blob] },
    validateStatus: [Function: validateStatus],
    headers: Object [AxiosHeaders] {
      Accept: 'application/json, text/plain, */*',
      'Content-Type': undefined,
      'User-Agent': 'axios/1.13.6',
      'Accept-Encoding': 'gzip, compress, deflate, br'
    },
    params: { apikey: '5b64feeb', i: 'tt0133093', plot: 'full' },
    method: 'get',
    url: 'https://www.omdbapi.com/',
    allowAbsoluteUrls: true,
    data: undefined
  },
  request: <ref *1> Writable {
    _events: {
      close: undefined,
      error: [Function: handleRequestError],
      prefinish: undefined,
      finish: undefined,
      drain: undefined,
      response: [Function: handleResponse],
      socket: [Array],
      timeout: undefined,
      abort: undefined
    },
    _writableState: WritableState {
      highWaterMark: 16384,
      length: 0,
      corked: 0,
      onwrite: [Function: bound onwrite],
      writelen: 0,
      bufferedIndex: 0,
      pendingcb: 0,
      [Symbol(kState)]: 17580812,
      [Symbol(kBufferedValue)]: null
    },
    _maxListeners: undefined,
    _options: {
      maxRedirects: 21,
      maxBodyLength: Infinity,
      protocol: 'https:',
      path: '/?apikey=5b64feeb&i=tt0133093&plot=full',
      method: 'GET',
      headers: [Object: null prototype],
      agents: [Object],
      auth: undefined,
      family: undefined,
      beforeRedirect: [Function: dispatchBeforeRedirect],
      beforeRedirects: [Object],
      http2Options: undefined,
      hostname: 'www.omdbapi.com',
      port: '',
      agent: undefined,
      nativeProtocols: [Object],
      pathname: '/',
      search: '?apikey=5b64feeb&i=tt0133093&plot=full'
    },
    _ended: true,
    _ending: true,
    _redirectCount: 0,
    _redirects: [],
    _requestBodyLength: 0,
    _requestBodyBuffers: [],
    _eventsCount: 3,
    _onNativeResponse: [Function (anonymous)],
    _currentRequest: ClientRequest {
      _events: [Object: null prototype],
      _eventsCount: 7,
      _maxListeners: undefined,
      outputData: [],
      outputSize: 0,
      writable: true,
      destroyed: false,
      _last: true,
      chunkedEncoding: false,
      shouldKeepAlive: true,
      maxRequestsOnConnectionReached: false,
      _defaultKeepAlive: true,
      useChunkedEncodingByDefault: false,
      sendDate: false,
      _removedConnection: false,
      _removedContLen: false,
      _removedTE: false,
      strictContentLength: false,
      _contentLength: 0,
      _hasBody: true,
      _trailer: '',
      finished: true,
      _headerSent: true,
      _closed: false,
      _header: 'GET /?apikey=5b64feeb&i=tt0133093&plot=full HTTP/1.1\r\n' +
        'Accept: application/json, text/plain, */*\r\n' +
        'User-Agent: axios/1.13.6\r\n' +
        'Accept-Encoding: gzip, compress, deflate, br\r\n' +
        'Host: www.omdbapi.com\r\n' +
        'Connection: keep-alive\r\n' +
        '\r\n',
      _keepAliveTimeout: 0,
      _onPendingData: [Function: nop],
      agent: [Agent],
      socketPath: undefined,
      method: 'GET',
      maxHeaderSize: undefined,
      insecureHTTPParser: undefined,
      joinDuplicateHeaders: undefined,
      path: '/?apikey=5b64feeb&i=tt0133093&plot=full',
      _ended: false,
      res: null,
      aborted: false,
      timeoutCb: [Function: emitRequestTimeout],
      upgradeOrConnect: false,
      parser: null,
      maxHeadersCount: null,
      reusedSocket: false,
      host: 'www.omdbapi.com',
      protocol: 'https:',
      _redirectable: [Circular *1],
      [Symbol(shapeMode)]: false,
      [Symbol(kCapture)]: false,
      [Symbol(kBytesWritten)]: 0,
      [Symbol(kNeedDrain)]: false,
      [Symbol(corked)]: 0,
      [Symbol(kChunkedBuffer)]: [],
      [Symbol(kChunkedLength)]: 0,
      [Symbol(kSocket)]: [TLSSocket],
      [Symbol(kOutHeaders)]: [Object: null prototype],
      [Symbol(errored)]: null,
      [Symbol(kHighWaterMark)]: 16384,
      [Symbol(kRejectNonStandardBodyWrites)]: false,
      [Symbol(kUniqueHeaders)]: null
    },
    _currentUrl: 'https://www.omdbapi.com/?apikey=5b64feeb&i=tt0133093&plot=full',
    _timeout: null,
    [Symbol(shapeMode)]: true,
    [Symbol(kCapture)]: false
  },
  cause: AggregateError [EACCES]: 
      at internalConnectMultiple (node:net:1134:18)
      at afterConnectMultiple (node:net:1715:7) {
    code: 'EACCES',
    [errors]: [ [Error], [Error], [Error] ]
  }
}
(node:6148) [MONGOOSE] Warning: mongoose: the `new` option for `findOneAndUpdate()` and `findOneAndReplace()` is deprecated. Use `returnDocument: 'after'` instead.
(Use `node --trace-warnings ...` to show where the warning was created)
Mongo save failed: Operation `movies.findOneAndUpdate()` buffering timed out after 10000ms
